build/outputs/mapping/release/seeds.txt
com.pb.pay.BuildConfig
com.pb.pay.BuildConfig: boolean DEBUG
com.pb.pay.BuildConfig: java.lang.String APPLICATION_ID
com.pb.pay.BuildConfig: java.lang.String BUILD_TYPE
com.pb.pay.BuildConfig: java.lang.String FLAVOR
com.pb.pay.BuildConfig: int VERSION_CODE
com.pb.pay.BuildConfig: java.lang.String VERSION_NAME
com.pb.pay.BuildConfig: BuildConfig()
com.pb.pay.PBConfig
com.pb.pay.PBConfig: com.pb.pay.PBConfig$PBEnvironment environment
com.pb.pay.PBConfig: java.lang.String accountID
com.pb.pay.PBConfig: java.lang.String apiToken
com.pb.pay.PBConfig: com.pb.pay.PBInstance instanceObj
com.pb.pay.PBConfig: PBConfig()
com.pb.pay.PBConfig: com.pb.pay.PBConfig getInstance()
com.pb.pay.PBConfig: void initialize(com.pb.pay.PBConfig$PBEnvironment,java.lang.String,java.lang.String)
com.pb.pay.PBConfig$PBEnvironment
com.pb.pay.PBConfig$PBEnvironment: com.pb.pay.PBConfig$PBEnvironment Sandbox
com.pb.pay.PBConfig$PBEnvironment: com.pb.pay.PBConfig$PBEnvironment Production
com.pb.pay.PBConfig$PBEnvironment: com.pb.pay.PBConfig$PBEnvironment[] values()
com.pb.pay.PBConfig$PBEnvironment: com.pb.pay.PBConfig$PBEnvironment valueOf(java.lang.String)
com.pb.pay.PBCustomer
com.pb.pay.PBCustomer: PBCustomer(java.lang.String,java.lang.String,java.lang.String,java.lang.String)
com.pb.pay.PBCustomerBilling
com.pb.pay.PBCustomerBilling: PBCustomerBilling(java.lang.String,java.lang.String,java.lang.String,java.lang.String,java.lang.String,java.lang.String,java.lang.String,java.lang.String)
com.pb.pay.PBCustomerShipping
com.pb.pay.PBCustomerShipping: PBCustomerShipping(java.lang.String,java.lang.String,java.lang.String,java.lang.String,java.lang.String,java.lang.String,java.lang.String,java.lang.String,java.lang.String,java.lang.String)
com.pb.pay.PBInstance
com.pb.pay.PBInstance: PBInstance(com.pb.pay.PBCustomer,com.pb.pay.PBCustomerBilling,com.pb.pay.PBCustomerShipping,com.pb.pay.PBProduct)
com.pb.pay.PBProduct
com.pb.pay.PBProduct: PBProduct(java.lang.Double,java.lang.String,java.lang.String,java.lang.String,java.lang.String,java.lang.String,java.lang.String,java.lang.String,java.lang.String,java.lang.String,java.lang.String,java.lang.String)
com.pb.pay.PBViewController
com.pb.pay.PBViewController: PBViewController(android.app.Activity,com.pb.pay.PBWebViewDelegate)
com.pb.pay.PBWebExtraWindow
com.pb.pay.PBWebExtraWindow: PBWebExtraWindow()
com.pb.pay.PBWebExtraWindow: android.view.View onCreateView(android.view.LayoutInflater,android.view.ViewGroup,android.os.Bundle)
com.pb.pay.PBWebView
com.pb.pay.PBWebView: PBWebView()
com.pb.pay.PBWebView: void onBackPressed()
com.pb.pay.PBWebViewDelegate
com.pb.pay.PBWebViewDelegate: void userDidCancel()
com.pb.pay.PBWebViewDelegate: void transactionComplete(boolean,java.lang.String)
com.pb.pay.R
com.pb.pay.R: R()
com.pb.pay.R$anim
com.pb.pay.R$anim: int abc_fade_in
com.pb.pay.R$anim: int abc_fade_out
com.pb.pay.R$anim: int abc_grow_fade_in_from_bottom
com.pb.pay.R$anim: int abc_popup_enter
com.pb.pay.R$anim: int abc_popup_exit
com.pb.pay.R$anim: int abc_shrink_fade_out_from_bottom
com.pb.pay.R$anim: int abc_slide_in_bottom
com.pb.pay.R$anim: int abc_slide_in_top
com.pb.pay.R$anim: int abc_slide_out_bottom
com.pb.pay.R$anim: int abc_slide_out_top
com.pb.pay.R$anim: int abc_tooltip_enter
com.pb.pay.R$anim: int abc_tooltip_exit
com.pb.pay.R$anim: R$anim()
...
android.support.graphics.drawable.animated.R$integer
android.support.graphics.drawable.animated.R$integer: int status_bar_notification_info_maxnum
android.support.graphics.drawable.animated.R$integer: R$integer()
android.support.graphics.drawable.animated.R$layout
android.support.graphics.drawable.animated.R$layout: int notification_action
android.support.graphics.drawable.animated.R$layout: int notification_action_tombstone
android.support.graphics.drawable.animated.R$layout: int notification_template_custom_big
android.support.graphics.drawable.animated.R$layout: int notification_template_icon_group
android.support.graphics.drawable.animated.R$layout: int notification_template_part_chronometer
android.support.graphics.drawable.animated.R$layout: int notification_template_part_time
android.support.graphics.drawable.animated.R$layout: R$layout()
android.support.graphics.drawable.animated.R$string
android.support.graphics.drawable.animated.R$string: int status_bar_notification_info_overflow
android.support.graphics.drawable.animated.R$string: R$string()
android.support.graphics.drawable.animated.R$style
android.support.graphics.drawable.animated.R$style: int TextAppearance_Compat_Notification
android.support.graphics.drawable.animated.R$style: int TextAppearance_Compat_Notification_Info
android.support.graphics.drawable.animated.R$style: int TextAppearance_Compat_Notification_Line2
android.support.graphics.drawable.animated.R$style: int TextAppearance_Compat_Notification_Time
android.support.graphics.drawable.animated.R$style: int TextAppearance_Compat_Notification_Title
android.support.graphics.drawable.animated.R$style: int Widget_Compat_NotificationActionContainer
android.support.graphics.drawable.animated.R$style: int Widget_Compat_NotificationActionText
android.support.graphics.drawable.animated.R$style: int Widget_Support_CoordinatorLayout
android.support.graphics.drawable.animated.R$style: R$style()
android.support.graphics.drawable.animated.R$styleable
android.support.graphics.drawable.animated.R$styleable: int[] CoordinatorLayout
android.support.graphics.drawable.animated.R$styleable: int CoordinatorLayout_keylines
android.support.graphics.drawable.animated.R$styleable: int CoordinatorLayout_statusBarBackground
android.support.graphics.drawable.animated.R$styleable: int[] CoordinatorLayout_Layout
android.support.graphics.drawable.animated.R$styleable: int CoordinatorLayout_Layout_android_layout_gravity
android.support.graphics.drawable.animated.R$styleable: int CoordinatorLayout_Layout_layout_anchor
android.support.graphics.drawable.animated.R$styleable: int CoordinatorLayout_Layout_layout_anchorGravity
android.support.graphics.drawable.animated.R$styleable: int CoordinatorLayout_Layout_layout_behavior
android.support.graphics.drawable.animated.R$styleable: int CoordinatorLayout_Layout_layout_dodgeInsetEdges
android.support.graphics.drawable.animated.R$styleable: int CoordinatorLayout_Layout_layout_insetEdge
android.support.graphics.drawable.animated.R$styleable: int CoordinatorLayout_Layout_layout_keyline
android.support.graphics.drawable.animated.R$styleable: int[] FontFamily
android.support.graphics.drawable.animated.R$styleable: int FontFamily_fontProviderAuthority
android.support.graphics.drawable.animated.R$styleable: int FontFamily_fontProviderCerts
android.support.graphics.drawable.animated.R$styleable: int FontFamily_fontProviderFetchStrategy
android.support.v7.appcompat.R
android.support.v7.appcompat.R: R()