build/outputs/mapping/release/mapping.txt
com.pb.pay.BuildConfig -> com.pb.pay.BuildConfig:
    boolean DEBUG -> DEBUG
    java.lang.String APPLICATION_ID -> APPLICATION_ID
    java.lang.String BUILD_TYPE -> BUILD_TYPE
    java.lang.String FLAVOR -> FLAVOR
    int VERSION_CODE -> VERSION_CODE
    java.lang.String VERSION_NAME -> VERSION_NAME
    void <init>() -> <init>
com.pb.pay.PBConfig -> com.pb.pay.PBConfig:
    com.pb.pay.PBConfig pbConfig -> a
    com.pb.pay.PBConfig$PBEnvironment environment -> environment
    java.lang.String accountID -> accountID
    java.lang.String apiToken -> apiToken
    com.pb.pay.PBInstance instanceObj -> instanceObj
    void <init>() -> <init>
    com.pb.pay.PBConfig getInstance() -> getInstance
    void initialize(com.pb.pay.PBConfig$PBEnvironment,java.lang.String,java.lang.String) -> initialize
com.pb.pay.PBConfig$PBEnvironment -> com.pb.pay.PBConfig$PBEnvironment:
    com.pb.pay.PBConfig$PBEnvironment Sandbox -> Sandbox
    com.pb.pay.PBConfig$PBEnvironment Production -> Production
    com.pb.pay.PBConfig$PBEnvironment[] $VALUES -> a
    com.pb.pay.PBConfig$PBEnvironment[] values() -> values
    com.pb.pay.PBConfig$PBEnvironment valueOf(java.lang.String) -> valueOf
    void <init>(java.lang.String,int) -> <init>
    void <clinit>() -> <clinit>
com.pb.pay.PBConstants -> com.pb.pay.a:
    java.lang.String LIVE_URL -> a
    java.lang.String TEST_URL -> b
    java.lang.String ACCOUNT_ID -> c
    java.lang.String API_TOKEN -> d
    void <clinit>() -> <clinit>
com.pb.pay.PBCustomer -> com.pb.pay.PBCustomer:
    java.lang.String customerEmail -> a
    java.lang.String customerFirstName -> b
    java.lang.String customerLastName -> c
    java.lang.String customerPhone -> d
    void <init>(java.lang.String,java.lang.String,java.lang.String,java.lang.String) -> <init>
    java.util.Map customerMap() -> a
com.pb.pay.PBCustomerBilling -> com.pb.pay.PBCustomerBilling:
    java.lang.String customerBillingAddress1 -> a
    java.lang.String customerBillingAddress2 -> b
    java.lang.String customerBillingCity -> c
    java.lang.String customerBillingCompany -> d
    java.lang.String customerBillingCountry -> e
    java.lang.String customerBillingPhone -> f
    java.lang.String customerBillingState -> g
    java.lang.String customerBillingZip -> h
    void <init>(java.lang.String,java.lang.String,java.lang.String,java.lang.String,java.lang.String,java.lang.String,java.lang.String,java.lang.String) -> <init>
    java.util.HashMap customerBillingMap() -> a
com.pb.pay.PBCustomerShipping -> com.pb.pay.PBCustomerShipping:
    java.lang.String customerShippingAddress1 -> a
    java.lang.String customerShippingAddress2 -> b
    java.lang.String customerShippingCity -> c
    java.lang.String customerShippingCompany -> d
    java.lang.String customerShippingCountry -> e
    java.lang.String customerShippingFirstName -> f
    java.lang.String customerShippingLastName -> g
    java.lang.String customerShippingPhone -> h
    java.lang.String customerShippingState -> i
    java.lang.String customerShippingZip -> j
    void <init>(java.lang.String,java.lang.String,java.lang.String,java.lang.String,java.lang.String,java.lang.String,java.lang.String,java.lang.String,java.lang.String,java.lang.String) -> <init>
    java.util.HashMap customerShipping() -> a
com.pb.pay.PBHMAC -> com.pb.pay.b:
    void <init>() -> <init>
    java.lang.String generateHashWithHMAC256(java.lang.String,java.lang.String) -> a
    byte[] hmac(java.lang.String,byte[],byte[]) -> a
    java.lang.String bytesToHex(byte[]) -> a
com.pb.pay.PBInstance -> com.pb.pay.PBInstance:
    com.pb.pay.PBCustomer customerObj -> a
    com.pb.pay.PBCustomerBilling customerBillingObj -> b
    com.pb.pay.PBCustomerShipping customerShippingObj -> c
    com.pb.pay.PBProduct productObj -> d
    void <init>(com.pb.pay.PBCustomer,com.pb.pay.PBCustomerBilling,com.pb.pay.PBCustomerShipping,com.pb.pay.PBProduct) -> <init>
...
android.support.graphics.drawable.animated.R -> android.support.graphics.drawable.animated.R:
    void <init>() -> <init>
android.support.graphics.drawable.animated.R$attr -> android.support.graphics.drawable.animated.R$attr:
    int coordinatorLayoutStyle -> coordinatorLayoutStyle
    int font -> font
    int fontProviderAuthority -> fontProviderAuthority
    int fontProviderCerts -> fontProviderCerts
    int fontProviderFetchStrategy -> fontProviderFetchStrategy
    int fontProviderFetchTimeout -> fontProviderFetchTimeout
    int fontProviderPackage -> fontProviderPackage
    int fontProviderQuery -> fontProviderQuery
    int fontStyle -> fontStyle
    int fontWeight -> fontWeight
    int keylines -> keylines
    int layout_anchor -> layout_anchor
    int layout_anchorGravity -> layout_anchorGravity
    int layout_behavior -> layout_behavior
    int layout_dodgeInsetEdges -> layout_dodgeInsetEdges
    int layout_insetEdge -> layout_insetEdge
    int layout_keyline -> layout_keyline
    int statusBarBackground -> statusBarBackground
    void <init>() -> <init>
    void <clinit>() -> <clinit>
android.support.graphics.drawable.animated.R$bool -> android.support.graphics.drawable.animated.R$bool:
    int abc_action_bar_embed_tabs -> abc_action_bar_embed_tabs
    void <init>() -> <init>
    void <clinit>() -> <clinit>
android.support.graphics.drawable.animated.R$color -> android.support.graphics.drawable.animated.R$color:
    int notification_action_color_filter -> notification_action_color_filter
    int notification_icon_bg_color -> notification_icon_bg_color
    int ripple_material_light -> ripple_material_light
    int secondary_text_default_material_light -> secondary_text_default_material_light
    void <init>() -> <init>
    void <clinit>() -> <clinit>
android.support.graphics.drawable.animated.R$dimen -> android.support.graphics.drawable.animated.R$dimen:
    int compat_button_inset_horizontal_material -> compat_button_inset_horizontal_material
    int compat_button_inset_vertical_material -> compat_button_inset_vertical_material
    int compat_button_padding_horizontal_material -> compat_button_padding_horizontal_material
    int compat_button_padding_vertical_material -> compat_button_padding_vertical_material
    int compat_control_corner_material -> compat_control_corner_material
    int notification_action_icon_size -> notification_action_icon_size
    int notification_action_text_size -> notification_action_text_size
    int notification_big_circle_margin -> notification_big_circle_margin
    int notification_content_margin_start -> notification_content_margin_start
    int notification_large_icon_height -> notification_large_icon_height
    int notification_large_icon_width -> notification_large_icon_width
    int notification_main_column_padding_top -> notification_main_column_padding_top
    int notification_media_narrow_margin -> notification_media_narrow_margin
    int notification_right_icon_size -> notification_right_icon_size
    int notification_right_side_padding_top -> notification_right_side_padding_top
    int notification_small_icon_background_padding -> notification_small_icon_background_padding
    int notification_small_icon_size_as_large -> notification_small_icon_size_as_large