build/outputs/mapping/release/usage.txt
com.pb.pay.PBConstants:
    10:10:PBConstants()